<?xml version="1.0" encoding="UTF-8"?>
<!-- Generated by org.testng.reporters.JUnitReportReporter -->
<testsuite skipped="0" hostname="MAVBCP26704" name="Tc001_GET_details" tests="1" failures="0" timestamp="2022-02-22T15:42:16 IST" time="3.524" errors="0">
  <testcase name="getweatherDetails" time="3.524" classname="Tc001_GET_details"/>
  <system-out/>
</testsuite> <!-- Tc001_GET_details -->
