<?xml version="1.0" encoding="UTF-8"?>
<!-- Generated by org.testng.reporters.JUnitReportReporter -->
<testsuite skipped="0" hostname="MAVBCP26704" name="com.employee.testcases.Tc001_GET_All_Employees" tests="7" failures="0" timestamp="2022-02-25T08:46:46 IST" time="0.076" errors="0">
  <testcase name="checkServeType" time="0.003" classname="com.employee.testcases.Tc001_GET_All_Employees"/>
  <system-out/>
  <testcase name="checkResponseTime" time="0.002" classname="com.employee.testcases.Tc001_GET_All_Employees"/>
  <system-out/>
  <testcase name="checkStatusLine" time="0.001" classname="com.employee.testcases.Tc001_GET_All_Employees"/>
  <system-out/>
  <testcase name="contentType" time="0.027" classname="com.employee.testcases.Tc001_GET_All_Employees"/>
  <system-out/>
  <testcase name="contentEncoding" time="0.001" classname="com.employee.testcases.Tc001_GET_All_Employees"/>
  <system-out/>
  <testcase name="checkStatusCode" time="0.002" classname="com.employee.testcases.Tc001_GET_All_Employees"/>
  <system-out/>
  <testcase name="CheckResponseBody" time="0.040" classname="com.employee.testcases.Tc001_GET_All_Employees"/>
  <system-out/>
</testsuite> <!-- com.employee.testcases.Tc001_GET_All_Employees -->
