<?xml version="1.0" encoding="UTF-8"?>
<!-- Generated by org.testng.reporters.JUnitReportReporter -->
<testsuite skipped="0" hostname="MAVBCP26704" name="Tc002_GET_AllHeaders" tests="1" failures="0" timestamp="2022-02-22T15:02:59 IST" time="4.706" errors="0">
  <testcase name="getallheaders" time="4.706" classname="Tc002_GET_AllHeaders"/>
  <system-out/>
</testsuite> <!-- Tc002_GET_AllHeaders -->
