<?xml version="1.0" encoding="UTF-8"?>
<!-- Generated by org.testng.reporters.JUnitReportReporter -->
<testsuite skipped="0" hostname="MAVBCP26704" name="com.employee.testcases.Tc005_Update_Employee" tests="6" failures="0" timestamp="2022-02-25T08:46:46 IST" time="0.021" errors="0">
  <testcase name="checkStatusLine" time="0.007" classname="com.employee.testcases.Tc005_Update_Employee"/>
  <system-out/>
  <testcase name="checkServeType" time="0.003" classname="com.employee.testcases.Tc005_Update_Employee"/>
  <system-out/>
  <testcase name="checkStatusCode" time="0.003" classname="com.employee.testcases.Tc005_Update_Employee"/>
  <system-out/>
  <testcase name="checkResponseTime" time="0.002" classname="com.employee.testcases.Tc005_Update_Employee"/>
  <system-out/>
  <testcase name="contentType" time="0.002" classname="com.employee.testcases.Tc005_Update_Employee"/>
  <system-out/>
  <testcase name="CheckResponseBody" time="0.004" classname="com.employee.testcases.Tc005_Update_Employee"/>
  <system-out/>
</testsuite> <!-- com.employee.testcases.Tc005_Update_Employee -->
