<?xml version="1.0" encoding="UTF-8"?>
<!-- Generated by org.testng.reporters.JUnitReportReporter -->
<testsuite skipped="0" hostname="MAVBCP26704" name="Tc003_GET_validateheaders" tests="1" failures="0" timestamp="2022-02-22T14:53:07 IST" time="4.662" errors="0">
  <testcase name="getvalidateheaders" time="4.662" classname="Tc003_GET_validateheaders"/>
  <system-out/>
</testsuite> <!-- Tc003_GET_validateheaders -->
