<?xml version="1.0" encoding="UTF-8"?>
<!-- Generated by org.testng.reporters.JUnitReportReporter -->
<testsuite skipped="0" hostname="MAVBCP26704" name="Data_driven_test.Tc001_Single_user" tests="1" failures="0" timestamp="2022-02-22T15:30:40 IST" time="5.126" errors="0">
  <testcase name="PostNewEmployees" time="5.126" classname="Data_driven_test.Tc001_Single_user"/>
  <system-out/>
</testsuite> <!-- Data_driven_test.Tc001_Single_user -->
